<?xml version="1.0" encoding="UTF-8"?>
<!-- Generated by org.testng.reporters.JUnitReportReporter -->
<testsuite skipped="0" hostname="DESKTOP-GACE2VI" name="com.maven.web.LoginTest" tests="1" failures="0" timestamp="13 Oct 2019 12:18:31 GMT" time="40.985" errors="0">
  <testcase name="loginTest" time="40.985" classname="com.maven.web.LoginTest"/>
</testsuite> <!-- com.maven.web.LoginTest -->
